Build started 2017-03-10 13:35:38.
     1>Project "C:\Users\student\PWP\build\Laborka.vcxproj" on node 3 (rebuild target(s)).
     1>_PrepareForClean:
         Deleting file "Laborka.dir\Debug\Laborka.lastbuildstate".
       InitializeBuildStatus:
         Creating "Laborka.dir\Debug\Laborka.unsuccessfulbuild" because "AlwaysCreate" was specified.
       CustomBuild:
         Building Custom Rule C:/Users/student/PWP/src/CMakeLists.txt
         CMake does not need to re-run because C:\Users\student\PWP\build\CMakeFiles\generate.stamp is up-to-date.
       ClCompile:
         c:\Program Files\Microsoft Visual Studio 10.0\VC\bin\CL.exe /c /IC:\Users\student\PWP\src\Trygonometria /nologo /W1 /WX- /O2 /Oy- /D "CMAKE_INTDIR=\"Debug\"" /D _MBCS /Gm- /MD /GS /fp:precise /Zc:wchar_t /Zc:forScope /Fo"Laborka.dir\Debug\\" /Fd"Laborka.dir\Debug\vc100.pdb" /Gd /TP /analyze- /errorReport:prompt ..\src\main.cpp
         main.cpp
       ManifestResourceCompile:
         C:\Program Files\Microsoft SDKs\Windows\v7.0A\bin\rc.exe /nologo /fo"Laborka.dir\Debug\Laborka.exe.embed.manifest.res" Laborka.dir\Debug\Laborka_manifest.rc 
       Link:
         c:\Program Files\Microsoft Visual Studio 10.0\VC\bin\link.exe /ERRORREPORT:PROMPT /OUT:"C:\Users\student\PWP\build\Debug\Laborka.exe" /INCREMENTAL /NOLOGO kernel32.lib user32.lib gdi32.lib winspool.lib shell32.lib ole32.lib oleaut32.lib uuid.lib comdlg32.lib advapi32.lib /MANIFEST /ManifestFile:"Laborka.dir\Debug\Laborka.exe.intermediate.manifest" /MANIFESTUAC:"level='asInvoker' uiAccess='false'" /DEBUG /PDB:"C:/Users/student/PWP/build/Debug/Laborka.pdb" /SUBSYSTEM:CONSOLE /TLBID:1 /DYNAMICBASE /NXCOMPAT /IMPLIB:"C:/Users/student/PWP/build/Debug/Laborka.lib" /MACHINE:X86 Laborka.dir\Debug\Laborka.exe.embed.manifest.res
         Laborka.dir\Debug\main.obj  /machine:X86 /debug 
       Manifest:
         Deleting file "Laborka.dir\Debug\Laborka.exe.embed.manifest".
         C:\Program Files\Microsoft SDKs\Windows\v7.0A\bin\mt.exe /nologo /verbose /out:"Laborka.dir\Debug\Laborka.exe.embed.manifest" /manifest Laborka.dir\Debug\Laborka.exe.intermediate.manifest
         C:\Program Files\Microsoft SDKs\Windows\v7.0A\bin\rc.exe /nologo /fo"Laborka.dir\Debug\Laborka.exe.embed.manifest.res" Laborka.dir\Debug\Laborka_manifest.rc 
       LinkEmbedManifest:
         c:\Program Files\Microsoft Visual Studio 10.0\VC\bin\link.exe /ERRORREPORT:PROMPT /OUT:"C:\Users\student\PWP\build\Debug\Laborka.exe" /INCREMENTAL /NOLOGO kernel32.lib user32.lib gdi32.lib winspool.lib shell32.lib ole32.lib oleaut32.lib uuid.lib comdlg32.lib advapi32.lib /MANIFEST /ManifestFile:"Laborka.dir\Debug\Laborka.exe.intermediate.manifest" /MANIFESTUAC:"level='asInvoker' uiAccess='false'" /DEBUG /PDB:"C:/Users/student/PWP/build/Debug/Laborka.pdb" /SUBSYSTEM:CONSOLE /TLBID:1 /DYNAMICBASE /NXCOMPAT /IMPLIB:"C:/Users/student/PWP/build/Debug/Laborka.lib" /MACHINE:X86 Laborka.dir\Debug\Laborka.exe.embed.manifest.res
         Laborka.dir\Debug\main.obj  /machine:X86 /debug 
         Laborka.vcxproj -> C:\Users\student\PWP\build\Debug\Laborka.exe
       FinalizeBuildStatus:
         Deleting file "Laborka.dir\Debug\Laborka.unsuccessfulbuild".
         Touching "Laborka.dir\Debug\Laborka.lastbuildstate".
     1>Done Building Project "C:\Users\student\PWP\build\Laborka.vcxproj" (rebuild target(s)).

Build succeeded.

Time Elapsed 00:00:00.85
