Build started 2017-03-10 13:59:46.
     1>Project "C:\Users\student\PWP\build\trygonometria\Trygonometria.vcxproj" on node 3 (rebuild target(s)).
     1>_PrepareForClean:
         Deleting file "Trygonometria.dir\Debug\Trygonometria.lastbuildstate".
       InitializeBuildStatus:
         Creating "Trygonometria.dir\Debug\Trygonometria.unsuccessfulbuild" because "AlwaysCreate" was specified.
       CustomBuild:
         Building Custom Rule C:/Users/student/PWP/src/trygonometria/CMakeLists.txt
         CMake does not need to re-run because C:\Users\student\PWP\build\trygonometria\CMakeFiles\generate.stamp is up-to-date.
       ClCompile:
         c:\Program Files\Microsoft Visual Studio 10.0\VC\bin\CL.exe /c /IC:\Users\student\PWP\src\Trygonometria /nologo /W1 /WX- /O2 /Oy- /D "CMAKE_INTDIR=\"Debug\"" /D _MBCS /Gm- /MD /GS /fp:precise /Zc:wchar_t /Zc:forScope /Fo"Trygonometria.dir\Debug\\" /Fd"Trygonometria.dir\Debug\vc100.pdb" /Gd /TP /analyze- /errorReport:prompt ..\..\src\trygonometria\trygonometria.cpp
         trygonometria.cpp
       Lib:
         c:\Program Files\Microsoft Visual Studio 10.0\VC\bin\Lib.exe /OUT:"C:\Users\student\PWP\build\trygonometria\Debug\Trygonometria.lib" /NOLOGO Trygonometria.dir\Debug\trygonometria.obj  /machine:X86 
         Trygonometria.vcxproj -> C:\Users\student\PWP\build\trygonometria\Debug\Trygonometria.lib
       FinalizeBuildStatus:
         Deleting file "Trygonometria.dir\Debug\Trygonometria.unsuccessfulbuild".
         Touching "Trygonometria.dir\Debug\Trygonometria.lastbuildstate".
     1>Done Building Project "C:\Users\student\PWP\build\trygonometria\Trygonometria.vcxproj" (rebuild target(s)).

Build succeeded.

Time Elapsed 00:00:00.35
